<?xml version="1.0" encoding="UTF-8"?>
<robot generator="Robot 3.2.2 (Python 3.9.1 on win32)" generated="20240220 16:54:28.693" rpa="false">
<suite id="s1" name="TC01 RegisterFunction" source="C:\Users\AD\Documents\NopCommerce\testscript\TC01_RegisterFunction.robot">
<test id="s1-t1" name="TC01 - Register with empty data">
<kw name="Log To Console" library="BuiltIn">
<doc>Logs the given message to the console.</doc>
<arguments>
<arg>TC01 - Register with empty data</arg>
</arguments>
<status status="PASS" starttime="20240220 16:54:30.622" endtime="20240220 16:54:30.624"></status>
</kw>
<kw name="Open Browser With &quot;${URL}&quot;" library="webcontrol">
<kw name="Set Selenium Timeout" library="SeleniumLibrary">
<doc>Sets the timeout that is used by various keywords.</doc>
<arguments>
<arg>${SELENIUM_TIMEOUT}</arg>
</arguments>
<status status="PASS" starttime="20240220 16:54:30.626" endtime="20240220 16:54:30.628"></status>
</kw>
<kw name="Evaluate" library="BuiltIn">
<doc>Evaluates the given expression in Python and returns the result.</doc>
<arguments>
<arg>sys.modules['selenium.webdriver'].ChromeOptions()</arg>
<arg>sys, selenium.webdriver</arg>
</arguments>
<assign>
<var>${chrome_options}</var>
</assign>
<msg timestamp="20240220 16:54:30.630" level="INFO">${chrome_options} = &lt;selenium.webdriver.chrome.options.Options object at 0x0000025A7EE77D60&gt;</msg>
<status status="PASS" starttime="20240220 16:54:30.628" endtime="20240220 16:54:30.637"></status>
</kw>
<kw name="Call Method" library="BuiltIn">
<doc>Calls the named method of the given object with the provided arguments.</doc>
<arguments>
<arg>${chrome_options}</arg>
<arg>add_argument</arg>
<arg>--disable-extensions</arg>
</arguments>
<status status="PASS" starttime="20240220 16:54:30.638" endtime="20240220 16:54:30.639"></status>
</kw>
<kw name="Call Method" library="BuiltIn">
<doc>Calls the named method of the given object with the provided arguments.</doc>
<arguments>
<arg>${chrome_options}</arg>
<arg>add_argument</arg>
<arg>--disable-dev-shm-usage</arg>
</arguments>
<status status="PASS" starttime="20240220 16:54:30.640" endtime="20240220 16:54:30.641"></status>
</kw>
<kw name="Call Method" library="BuiltIn">
<doc>Calls the named method of the given object with the provided arguments.</doc>
<arguments>
<arg>${chrome_options}</arg>
<arg>add_argument</arg>
<arg>--no-sandbox</arg>
</arguments>
<status status="PASS" starttime="20240220 16:54:30.642" endtime="20240220 16:54:30.643"></status>
</kw>
<kw name="Wait Until Keyword Succeeds" library="BuiltIn">
<doc>Runs the specified keyword and retries if it fails.</doc>
<arguments>
<arg>60s</arg>
<arg>10s</arg>
<arg>Create Webdriver And Open URL</arg>
<arg>${chrome_options}</arg>
<arg>${url}</arg>
</arguments>
<kw name="Create Webdriver And Open URL" library="webcontrol">
<arguments>
<arg>${chrome_options}</arg>
<arg>${url}</arg>
</arguments>
<kw name="Create Webdriver" library="SeleniumLibrary">
<doc>Creates an instance of Selenium WebDriver.</doc>
<arguments>
<arg>Chrome</arg>
<arg>chrome_options=${chrome_options}</arg>
</arguments>
<msg timestamp="20240220 16:54:30.650" level="INFO">Creating an instance of the Chrome WebDriver.</msg>
<status status="PASS" starttime="20240220 16:54:30.647" endtime="20240220 16:54:34.107"></status>
</kw>
<kw name="Go To" library="SeleniumLibrary">
<doc>Navigates the current browser window to the provided ``url``.</doc>
<arguments>
<arg>${url}</arg>
</arguments>
<msg timestamp="20240220 16:54:34.110" level="INFO">Opening url 'https://demo.nopcommerce.com/notebooks'</msg>
<status status="PASS" starttime="20240220 16:54:34.109" endtime="20240220 16:54:36.021"></status>
</kw>
<status status="PASS" starttime="20240220 16:54:30.645" endtime="20240220 16:54:36.023"></status>
</kw>
<status status="PASS" starttime="20240220 16:54:30.644" endtime="20240220 16:54:36.024"></status>
</kw>
<kw name="Set Selenium Implicit Wait" library="SeleniumLibrary">
<doc>Sets the implicit wait value used by Selenium.</doc>
<arguments>
<arg>${SELENIUM_LONG_IMPLICITWAIT}</arg>
</arguments>
<status status="PASS" starttime="20240220 16:54:36.026" endtime="20240220 16:54:36.084"></status>
</kw>
<kw name="Set Window Size" library="SeleniumLibrary">
<doc>Sets current windows size to given ``width`` and ``height``.</doc>
<arguments>
<arg>1920</arg>
<arg>1080</arg>
</arguments>
<status status="PASS" starttime="20240220 16:54:36.086" endtime="20240220 16:54:36.434"></status>
</kw>
<kw name="Get Window Size" library="SeleniumLibrary">
<doc>Returns current window width and height as integers.</doc>
<assign>
<var>${width}</var>
<var>${height}</var>
</assign>
<msg timestamp="20240220 16:54:36.896" level="INFO">${width} = 1920</msg>
<msg timestamp="20240220 16:54:36.897" level="INFO">${height} = 1080</msg>
<status status="PASS" starttime="20240220 16:54:36.437" endtime="20240220 16:54:36.898"></status>
</kw>
<kw name="Log To Console" library="BuiltIn">
<doc>Logs the given message to the console.</doc>
<arguments>
<arg>${width} * ${height}</arg>
</arguments>
<status status="PASS" starttime="20240220 16:54:36.899" endtime="20240220 16:54:36.904"></status>
</kw>
<kw name="Set Selenium Speed" library="SeleniumLibrary">
<doc>Sets the delay that is waited after each Selenium command.</doc>
<arguments>
<arg>${SELENIUM_SPEED}</arg>
</arguments>
<status status="PASS" starttime="20240220 16:54:36.905" endtime="20240220 16:54:36.908"></status>
</kw>
<status status="PASS" starttime="20240220 16:54:30.625" endtime="20240220 16:54:36.909"></status>
</kw>
<kw name="Wait Until Page Ready" library="webcontrol">
<kw name="Wait Until Keyword Succeeds" library="BuiltIn">
<doc>Runs the specified keyword and retries if it fails.</doc>
<arguments>
<arg>${RetryKeywordsTimeout}</arg>
<arg>${RetryKeywordsUnittime}</arg>
<arg>Is Page Ready</arg>
</arguments>
<kw name="Is Page Ready" library="webcontrol">
<kw name="Execute Javascript" library="SeleniumLibrary">
<doc>Executes the given JavaScript code with possible arguments.</doc>
<arguments>
<arg>return document.readyState=='complete' &amp;&amp; (window.jQuery != null) &amp;&amp; (jQuery.active==0)</arg>
</arguments>
<assign>
<var>${is_ready}</var>
</assign>
<msg timestamp="20240220 16:54:36.928" level="INFO">Executing JavaScript:
return document.readyState=='complete' &amp;&amp; (window.jQuery != null) &amp;&amp; (jQuery.active==0)
Without any arguments.</msg>
<msg timestamp="20240220 16:54:37.421" level="INFO">${is_ready} = True</msg>
<status status="PASS" starttime="20240220 16:54:36.924" endtime="20240220 16:54:37.422"></status>
</kw>
<kw name="Should Be Equal" library="BuiltIn">
<doc>Fails if the given objects are unequal.</doc>
<arguments>
<arg>${is_ready}</arg>
<arg>${True}</arg>
</arguments>
<status status="PASS" starttime="20240220 16:54:37.423" endtime="20240220 16:54:37.424"></status>
</kw>
<status status="PASS" starttime="20240220 16:54:36.917" endtime="20240220 16:54:37.425"></status>
</kw>
<status status="PASS" starttime="20240220 16:54:36.913" endtime="20240220 16:54:37.426"></status>
</kw>
<kw name="Sleep" library="BuiltIn">
<doc>Pauses the test executed for the given time.</doc>
<arguments>
<arg>1s</arg>
</arguments>
<msg timestamp="20240220 16:54:38.439" level="INFO">Slept 1 second</msg>
<status status="PASS" starttime="20240220 16:54:37.427" endtime="20240220 16:54:38.440"></status>
</kw>
<status status="PASS" starttime="20240220 16:54:36.911" endtime="20240220 16:54:38.441"></status>
</kw>
<kw name="Select &quot;${Notebook_dropdown_SortBy}&quot; ComboBox By Label &quot;Name: A to Z&quot;" library="webcontrol">
<kw name="Wait Until Element Is Visible" library="SeleniumLibrary">
<doc>Waits until the element ``locator`` is visible.</doc>
<arguments>
<arg>${xpath}</arg>
</arguments>
<status status="PASS" starttime="20240220 16:54:38.444" endtime="20240220 16:54:39.137"></status>
</kw>
<kw name="Select From List By Label" library="SeleniumLibrary">
<doc>Selects options from selection list ``locator`` by ``labels``.</doc>
<arguments>
<arg>${xpath}</arg>
<arg>${label}</arg>
</arguments>
<msg timestamp="20240220 16:54:39.143" level="INFO">Selecting options from selection list '//select[@id='products-orderby']' by label Name: A to Z.</msg>
<status status="PASS" starttime="20240220 16:54:39.140" endtime="20240220 16:54:41.679"></status>
</kw>
<status status="PASS" starttime="20240220 16:54:38.442" endtime="20240220 16:54:41.680"></status>
</kw>
<kw name="Wait Until Page Ready" library="webcontrol">
<kw name="Wait Until Keyword Succeeds" library="BuiltIn">
<doc>Runs the specified keyword and retries if it fails.</doc>
<arguments>
<arg>${RetryKeywordsTimeout}</arg>
<arg>${RetryKeywordsUnittime}</arg>
<arg>Is Page Ready</arg>
</arguments>
<kw name="Is Page Ready" library="webcontrol">
<kw name="Execute Javascript" library="SeleniumLibrary">
<doc>Executes the given JavaScript code with possible arguments.</doc>
<arguments>
<arg>return document.readyState=='complete' &amp;&amp; (window.jQuery != null) &amp;&amp; (jQuery.active==0)</arg>
</arguments>
<assign>
<var>${is_ready}</var>
</assign>
<msg timestamp="20240220 16:54:41.700" level="INFO">Executing JavaScript:
return document.readyState=='complete' &amp;&amp; (window.jQuery != null) &amp;&amp; (jQuery.active==0)
Without any arguments.</msg>
<msg timestamp="20240220 16:54:42.036" level="INFO">${is_ready} = True</msg>
<status status="PASS" starttime="20240220 16:54:41.696" endtime="20240220 16:54:42.038"></status>
</kw>
<kw name="Should Be Equal" library="BuiltIn">
<doc>Fails if the given objects are unequal.</doc>
<arguments>
<arg>${is_ready}</arg>
<arg>${True}</arg>
</arguments>
<status status="PASS" starttime="20240220 16:54:42.040" endtime="20240220 16:54:42.044"></status>
</kw>
<status status="PASS" starttime="20240220 16:54:41.692" endtime="20240220 16:54:42.045"></status>
</kw>
<status status="PASS" starttime="20240220 16:54:41.685" endtime="20240220 16:54:42.046"></status>
</kw>
<kw name="Sleep" library="BuiltIn">
<doc>Pauses the test executed for the given time.</doc>
<arguments>
<arg>1s</arg>
</arguments>
<msg timestamp="20240220 16:54:43.057" level="INFO">Slept 1 second</msg>
<status status="PASS" starttime="20240220 16:54:42.048" endtime="20240220 16:54:43.058"></status>
</kw>
<status status="PASS" starttime="20240220 16:54:41.682" endtime="20240220 16:54:43.058"></status>
</kw>
<kw name="Verify Sort Function Properly Work" library="SortFunction">
<arguments>
<arg>Name: A to Z</arg>
</arguments>
<status status="PASS" starttime="20240220 16:54:43.059" endtime="20240220 16:54:45.549"></status>
</kw>
<kw name="Close All Browser And Kill Related Process" library="webcontrol" type="teardown">
<kw name="Run Keyword And Ignore Error" library="BuiltIn">
<doc>Runs the given keyword with the given arguments and ignores possible error.</doc>
<arguments>
<arg>Close All Browsers</arg>
</arguments>
<kw name="Close All Browsers" library="SeleniumLibrary">
<doc>Closes all open browsers and resets the browser cache.</doc>
<status status="PASS" starttime="20240220 16:54:45.555" endtime="20240220 16:54:48.836"></status>
</kw>
<status status="PASS" starttime="20240220 16:54:45.553" endtime="20240220 16:54:48.837"></status>
</kw>
<kw name="Sleep" library="BuiltIn">
<doc>Pauses the test executed for the given time.</doc>
<arguments>
<arg>1</arg>
</arguments>
<msg timestamp="20240220 16:54:49.841" level="INFO">Slept 1 second</msg>
<status status="PASS" starttime="20240220 16:54:48.838" endtime="20240220 16:54:49.842"></status>
</kw>
<kw name="Run Keyword And Ignore Error" library="BuiltIn">
<doc>Runs the given keyword with the given arguments and ignores possible error.</doc>
<arguments>
<arg>Kill Related Process For Browser</arg>
</arguments>
<kw name="Kill Related Process For Browser" library="webcontrol">
<kw name="Set Variable If" library="BuiltIn">
<doc>Sets variable based on the given condition.</doc>
<arguments>
<arg>'${BROWSER}'=='firefox'</arg>
<arg>geckodriver.exe</arg>
<arg>'${BROWSER}'=='chrome'</arg>
<arg>chromedriver.exe</arg>
</arguments>
<assign>
<var>${webDriver}</var>
</assign>
<kw name="Set Variable If" library="BuiltIn">
<doc>Sets variable based on the given condition.</doc>
<arguments>
<arg>'${BROWSER}'=='chrome'</arg>
<arg>chromedriver.exe</arg>
</arguments>
<status status="PASS" starttime="20240220 16:54:49.848" endtime="20240220 16:54:49.849"></status>
</kw>
<msg timestamp="20240220 16:54:49.850" level="INFO">${webDriver} = None</msg>
<status status="PASS" starttime="20240220 16:54:49.846" endtime="20240220 16:54:49.850"></status>
</kw>
<kw name="Set Variable If" library="BuiltIn">
<doc>Sets variable based on the given condition.</doc>
<arguments>
<arg>'${BROWSER}'=='firefox'</arg>
<arg>firefox.exe</arg>
<arg>'${BROWSER}'=='chrome'</arg>
<arg>chrome.exe</arg>
</arguments>
<assign>
<var>${browserProc}</var>
</assign>
<kw name="Set Variable If" library="BuiltIn">
<doc>Sets variable based on the given condition.</doc>
<arguments>
<arg>'${BROWSER}'=='chrome'</arg>
<arg>chrome.exe</arg>
</arguments>
<status status="PASS" starttime="20240220 16:54:49.852" endtime="20240220 16:54:49.852"></status>
</kw>
<msg timestamp="20240220 16:54:49.853" level="INFO">${browserProc} = None</msg>
<status status="PASS" starttime="20240220 16:54:49.850" endtime="20240220 16:54:49.853"></status>
</kw>
<kw name="Kill Process &quot;${webDriver}&quot;" library="webcontrol">
<kw name="Log To Console" library="BuiltIn">
<doc>Logs the given message to the console.</doc>
<arguments>
<arg>Kill Process :</arg>
<arg>${processName}</arg>
</arguments>
<msg timestamp="20240220 16:54:49.856" level="FAIL">AttributeError: 'NoneType' object has no attribute 'lower'</msg>
<status status="FAIL" starttime="20240220 16:54:49.855" endtime="20240220 16:54:49.857"></status>
</kw>
<kw name="Run" library="OperatingSystem">
<doc>Runs the given command in the system and returns the output.</doc>
<arguments>
<arg>cmd /c taskkill /F /im ${processName}</arg>
</arguments>
<msg timestamp="20240220 16:54:49.880" level="INFO">Running command 'cmd /c taskkill /F /im None 2&gt;&amp;1'.</msg>
<status status="PASS" starttime="20240220 16:54:49.858" endtime="20240220 16:54:50.204"></status>
</kw>
<status status="FAIL" starttime="20240220 16:54:49.854" endtime="20240220 16:54:50.205"></status>
</kw>
<kw name="Run Keyword And Ignore Error" library="BuiltIn">
<doc>Runs the given keyword with the given arguments and ignores possible error.</doc>
<arguments>
<arg>Run CMD "wmic process where name='${webDriver}' delete" (Async)</arg>
</arguments>
<kw name="Run CMD &quot;wmic process where name='None' delete&quot; (Async)">
<msg timestamp="20240220 16:54:50.231" level="FAIL">No keyword with name 'Run CMD "wmic process where name='None' delete" (Async)' found.</msg>
<status status="FAIL" starttime="20240220 16:54:50.230" endtime="20240220 16:54:50.231"></status>
</kw>
<status status="PASS" starttime="20240220 16:54:50.206" endtime="20240220 16:54:50.232"></status>
</kw>
<kw name="Kill Process &quot;${browserProc}&quot;" library="webcontrol">
<kw name="Log To Console" library="BuiltIn">
<doc>Logs the given message to the console.</doc>
<arguments>
<arg>Kill Process :</arg>
<arg>${processName}</arg>
</arguments>
<msg timestamp="20240220 16:54:50.237" level="FAIL">AttributeError: 'NoneType' object has no attribute 'lower'</msg>
<status status="FAIL" starttime="20240220 16:54:50.235" endtime="20240220 16:54:50.238"></status>
</kw>
<kw name="Run" library="OperatingSystem">
<doc>Runs the given command in the system and returns the output.</doc>
<arguments>
<arg>cmd /c taskkill /F /im ${processName}</arg>
</arguments>
<msg timestamp="20240220 16:54:50.251" level="INFO">Running command 'cmd /c taskkill /F /im None 2&gt;&amp;1'.</msg>
<status status="PASS" starttime="20240220 16:54:50.239" endtime="20240220 16:54:50.588"></status>
</kw>
<status status="FAIL" starttime="20240220 16:54:50.233" endtime="20240220 16:54:50.589"></status>
</kw>
<status status="FAIL" starttime="20240220 16:54:49.844" endtime="20240220 16:54:50.590"></status>
</kw>
<status status="PASS" starttime="20240220 16:54:49.842" endtime="20240220 16:54:50.591"></status>
</kw>
<status status="PASS" starttime="20240220 16:54:45.551" endtime="20240220 16:54:50.592"></status>
</kw>
<status status="PASS" starttime="20240220 16:54:30.618" endtime="20240220 16:54:50.593" critical="yes"></status>
</test>
<status status="PASS" starttime="20240220 16:54:28.721" endtime="20240220 16:54:50.596"></status>
</suite>
<statistics>
<total>
<stat pass="1" fail="0">Critical Tests</stat>
<stat pass="1" fail="0">All Tests</stat>
</total>
<tag>
</tag>
<suite>
<stat pass="1" fail="0" id="s1" name="TC01 RegisterFunction">TC01 RegisterFunction</stat>
</suite>
</statistics>
<errors>
</errors>
</robot>
